<?xml version="1.0" encoding="UTF-8"?>
<testng-results skipped="0" failed="0" ignored="0" total="1" passed="1">
  <reporter-output>
  </reporter-output>
  <suite name="Swarmio Hive" duration-ms="11737" started-at="2021-08-07T07:21:00 IST" finished-at="2021-08-07T07:21:11 IST">
    <groups>
    </groups>
    <test name="Check Title of page" duration-ms="11737" started-at="2021-08-07T07:21:00 IST" finished-at="2021-08-07T07:21:11 IST">
      <class name="HomePageSmokeTest">
        <test-method status="PASS" signature="setupApplication()[pri:0, instance:HomePageSmokeTest@48a242ce]" name="setupApplication" is-config="true" duration-ms="11321" started-at="2021-08-07T07:21:00 IST" finished-at="2021-08-07T07:21:11 IST">
          <reporter-output>
          </reporter-output>
        </test-method> <!-- setupApplication -->
        <test-method status="PASS" signature="HomePageButtons()[pri:0, instance:HomePageSmokeTest@48a242ce]" name="HomePageButtons" duration-ms="5" started-at="2021-08-07T07:21:11 IST" finished-at="2021-08-07T07:21:11 IST">
          <reporter-output>
          </reporter-output>
        </test-method> <!-- HomePageButtons -->
        <test-method status="PASS" signature="closeApplication()[pri:0, instance:HomePageSmokeTest@48a242ce]" name="closeApplication" is-config="true" duration-ms="362" started-at="2021-08-07T07:21:11 IST" finished-at="2021-08-07T07:21:11 IST">
          <reporter-output>
          </reporter-output>
        </test-method> <!-- closeApplication -->
      </class> <!-- HomePageSmokeTest -->
    </test> <!-- Check Title of page -->
  </suite> <!-- Swarmio Hive -->
</testng-results>
